app/build/intermediates/manifest_merge_blame_file/release/manifest-merger-blame-release-report.txt
1<?xml version="1.0" encoding="utf-8"?>
2<manifest xmlns:android="http://schemas.android.com/apk/res/android"
3    package="com.nexora.elegance"
4    android:versionCode="1"
5    android:versionName="1.0" >
6
7    <uses-sdk
8        android:minSdkVersion="24"
9        android:targetSdkVersion="34" />
10
11    <uses-permission android:name="android.permission.INTERNET" />
11-->src\main\AndroidManifest.xml:5:5-67
11-->src\main\AndroidManifest.xml:5:22-64
12    <uses-permission android:name="android.permission.ACCESS_FINE_LOCATION" />
12-->src\main\AndroidManifest.xml:6:5-79
12-->src\main\AndroidManifest.xml:6:22-76
13    <uses-permission android:name="android.permission.ACCESS_COARSE_LOCATION" />
13-->src\main\AndroidManifest.xml:7:5-81
13-->src\main\AndroidManifest.xml:7:22-78
14    <uses-permission android:name="android.permission.CALL_PHONE" />
14-->src\main\AndroidManifest.xml:8:5-69
14-->src\main\AndroidManifest.xml:8:22-66
15    <uses-permission android:name="android.permission.SEND_SMS" />
15-->src\main\AndroidManifest.xml:9:5-67
15-->src\main\AndroidManifest.xml:9:22-64
16    <uses-permission android:name="android.permission.VIBRATE" />
16-->src\main\AndroidManifest.xml:10:5-66
16-->src\main\AndroidManifest.xml:10:22-63
17    <uses-permission android:name="android.permission.POST_NOTIFICATIONS" />
17-->src\main\AndroidManifest.xml:11:5-77
17-->src\main\AndroidManifest.xml:11:22-74
18    <uses-permission android:name="android.permission.ACCESS_NETWORK_STATE" />
18-->[com.github.PayHereDevs:payhere-android-sdk:v3.0.18] AndroidManifest.xml:8:5-79
18-->[com.github.PayHereDevs:payhere-android-sdk:v3.0.18] AndroidManifest.xml:8:22-76
19    <uses-permission android:name="android.permission.WAKE_LOCK" /> <!-- Required by older versions of Google Play services to create IID tokens -->
19-->[com.google.firebase:firebase-messaging:23.2.1] AndroidManifest.xml:24:5-68
19-->[com.google.firebase:firebase-messaging:23.2.1] AndroidManifest.xml:24:22-65
20    <uses-permission android:name="com.google.android.c2dm.permission.RECEIVE" />
20-->[com.google.firebase:firebase-messaging:23.2.1] AndroidManifest.xml:26:5-82
20-->[com.google.firebase:firebase-messaging:23.2.1] AndroidManifest.xml:26:22-79
21
22    <uses-feature
22-->[com.google.android.gms:play-services-maps:18.1.0] AndroidManifest.xml:26:5-28:35
23        android:glEsVersion="0x00020000"
23-->[com.google.android.gms:play-services-maps:18.1.0] AndroidManifest.xml:27:9-41
24        android:required="true" />
24-->[com.google.android.gms:play-services-maps:18.1.0] AndroidManifest.xml:28:9-32
25
26    <queries>
26-->[com.google.android.gms:play-services-maps:18.1.0] AndroidManifest.xml:30:5-34:15
27
28        <!-- Needs to be explicitly declared on Android R+ -->
29        <package android:name="com.google.android.apps.maps" />
29-->[com.google.android.gms:play-services-maps:18.1.0] AndroidManifest.xml:33:9-64
29-->[com.google.android.gms:play-services-maps:18.1.0] AndroidManifest.xml:33:18-61
30    </queries>
31
32    <uses-permission android:name="com.google.android.gms.permission.AD_ID" />
32-->[com.google.android.gms:play-services-measurement-api:21.3.0] AndroidManifest.xml:25:5-79
32-->[com.google.android.gms:play-services-measurement-api:21.3.0] AndroidManifest.xml:25:22-76
33    <uses-permission android:name="android.permission.RECEIVE_BOOT_COMPLETED" />
33-->[androidx.work:work-runtime:2.8.1] AndroidManifest.xml:25:5-81
33-->[androidx.work:work-runtime:2.8.1] AndroidManifest.xml:25:22-78
34    <uses-permission android:name="android.permission.FOREGROUND_SERVICE" />
34-->[androidx.work:work-runtime:2.8.1] AndroidManifest.xml:26:5-77
34-->[androidx.work:work-runtime:2.8.1] AndroidManifest.xml:26:22-74
35    <uses-permission android:name="com.google.android.finsky.permission.BIND_GET_INSTALL_REFERRER_SERVICE" />
35-->[com.google.android.gms:play-services-measurement:21.3.0] AndroidManifest.xml:26:5-110
35-->[com.google.android.gms:play-services-measurement:21.3.0] AndroidManifest.xml:26:22-107
36
37    <permission
37-->[androidx.core:core:1.9.0] AndroidManifest.xml:22:5-24:47
38        android:name="com.nexora.elegance.DYNAMIC_RECEIVER_NOT_EXPORTED_PERMISSION"
38-->[androidx.core:core:1.9.0] AndroidManifest.xml:23:9-81
39        android:protectionLevel="signature" />
39-->[androidx.core:core:1.9.0] AndroidManifest.xml:24:9-44
40
41    <uses-permission android:name="com.nexora.elegance.DYNAMIC_RECEIVER_NOT_EXPORTED_PERMISSION" />
41-->[androidx.core:core:1.9.0] AndroidManifest.xml:26:5-97
41-->[androidx.core:core:1.9.0] AndroidManifest.xml:26:22-94
42
43    <application
43-->src\main\AndroidManifest.xml:13:5-78:19
44        android:allowBackup="true"
44-->src\main\AndroidManifest.xml:14:9-35
45        android:appComponentFactory="androidx.core.app.CoreComponentFactory"
45-->[androidx.core:core:1.9.0] AndroidManifest.xml:28:18-86
46        android:dataExtractionRules="@xml/data_extraction_rules"
46-->src\main\AndroidManifest.xml:15:9-65
47        android:extractNativeLibs="false"
48        android:fullBackupContent="@xml/backup_rules"
48-->src\main\AndroidManifest.xml:16:9-54
49        android:icon="@mipmap/ic_launcher"
49-->src\main\AndroidManifest.xml:17:9-43
50        android:label="@string/app_name"
50-->src\main\AndroidManifest.xml:18:9-41
51        android:roundIcon="@mipmap/ic_launcher_round"
51-->src\main\AndroidManifest.xml:19:9-54
52        android:supportsRtl="true"
52-->src\main\AndroidManifest.xml:20:9-35
53        android:theme="@style/Theme.Elegance" >
53-->src\main\AndroidManifest.xml:21:9-46
54        <meta-data
54-->src\main\AndroidManifest.xml:24:9-26:49
55            android:name="com.google.android.geo.API_KEY"
55-->src\main\AndroidManifest.xml:25:13-58
56            android:value="YOUR_MAPS_API_KEY" />
56-->src\main\AndroidManifest.xml:26:13-46
57
58        <activity
58-->src\main\AndroidManifest.xml:28:9-36:20
59            android:name="com.nexora.elegance.ui.splash.SplashActivity"
59-->src\main\AndroidManifest.xml:29:13-53
60            android:exported="true"
60-->src\main\AndroidManifest.xml:30:13-36
61            android:theme="@style/Theme.Elegance.NoActionBar" >
61-->src\main\AndroidManifest.xml:31:13-62
62            <intent-filter>
62-->src\main\AndroidManifest.xml:32:13-35:29
63                <action android:name="android.intent.action.MAIN" />
63-->src\main\AndroidManifest.xml:33:17-69
63-->src\main\AndroidManifest.xml:33:25-66
64
65                <category android:name="android.intent.category.LAUNCHER" />
65-->src\main\AndroidManifest.xml:34:17-77
65-->src\main\AndroidManifest.xml:34:27-74
66            </intent-filter>
67        </activity>
68        <activity
68-->src\main\AndroidManifest.xml:38:9-40:40
69            android:name="com.nexora.elegance.MainActivity"
69-->src\main\AndroidManifest.xml:39:13-41
70            android:exported="false" />
70-->src\main\AndroidManifest.xml:40:13-37
71        <activity
71-->src\main\AndroidManifest.xml:42:9-45:58
72            android:name="com.nexora.elegance.ui.auth.LoginActivity"
72-->src\main\AndroidManifest.xml:43:13-50
73            android:exported="false"
73-->src\main\AndroidManifest.xml:44:13-37
74            android:windowSoftInputMode="adjustResize" />
74-->src\main\AndroidManifest.xml:45:13-55
75        <activity
75-->src\main\AndroidManifest.xml:47:9-50:58
76            android:name="com.nexora.elegance.ui.auth.RegisterActivity"
76-->src\main\AndroidManifest.xml:48:13-53
77            android:exported="false"
77-->src\main\AndroidManifest.xml:49:13-37
78            android:windowSoftInputMode="adjustResize" />
78-->src\main\AndroidManifest.xml:50:13-55
79        <activity
79-->src\main\AndroidManifest.xml:52:9-55:65
80            android:name="com.nexora.elegance.ui.product.ProductDetailsActivity"
80-->src\main\AndroidManifest.xml:53:13-62
81            android:exported="false"
81-->src\main\AndroidManifest.xml:54:13-37
82            android:theme="@style/Theme.Elegance.NoActionBar" />
82-->src\main\AndroidManifest.xml:55:13-62
83        <activity
83-->src\main\AndroidManifest.xml:57:9-61:65
84            android:name="com.nexora.elegance.ui.profile.ProfileUpdateActivity"
84-->src\main\AndroidManifest.xml:58:13-61
85            android:exported="false"
85-->src\main\AndroidManifest.xml:59:13-37
86            android:theme="@style/Theme.Elegance.NoActionBar"
86-->src\main\AndroidManifest.xml:61:13-62
87            android:windowSoftInputMode="adjustResize" />
87-->src\main\AndroidManifest.xml:60:13-55
88        <activity
88-->src\main\AndroidManifest.xml:63:9-66:65
89            android:name="com.nexora.elegance.ui.checkout.CheckoutActivity"
89-->src\main\AndroidManifest.xml:64:13-57
90            android:exported="false"
90-->src\main\AndroidManifest.xml:65:13-37
91            android:theme="@style/Theme.Elegance.NoActionBar" />
91-->src\main\AndroidManifest.xml:66:13-62
92        <activity
92-->src\main\AndroidManifest.xml:68:9-71:65
93            android:name="com.nexora.elegance.ui.orders.OrderDetailsActivity"
93-->src\main\AndroidManifest.xml:69:13-59
94            android:exported="false"
94-->src\main\AndroidManifest.xml:70:13-37
95            android:theme="@style/Theme.Elegance.NoActionBar" />
95-->src\main\AndroidManifest.xml:71:13-62
96
97        <receiver
97-->src\main\AndroidManifest.xml:73:9-76:40
98            android:name="com.nexora.elegance.receivers.NotificationReceiver"
98-->src\main\AndroidManifest.xml:74:13-59
99            android:enabled="true"
99-->src\main\AndroidManifest.xml:75:13-35
100            android:exported="false" />
100-->src\main\AndroidManifest.xml:76:13-37
101
102        <activity
102-->[com.github.PayHereDevs:payhere-android-sdk:v3.0.18] AndroidManifest.xml:14:9-17:65
103            android:name="lk.payhere.androidsdk.PHMainActivity"
103-->[com.github.PayHereDevs:payhere-android-sdk:v3.0.18] AndroidManifest.xml:15:13-64
104            android:launchMode="singleTop"
104-->[com.github.PayHereDevs:payhere-android-sdk:v3.0.18] AndroidManifest.xml:16:13-43
105            android:theme="@style/ph_transparent.windowTitle" />
105-->[com.github.PayHereDevs:payhere-android-sdk:v3.0.18] AndroidManifest.xml:17:13-62
106        <activity
106-->[com.google.firebase:firebase-auth:22.1.2] AndroidManifest.xml:29:9-46:20
107            android:name="com.google.firebase.auth.internal.GenericIdpActivity"
107-->[com.google.firebase:firebase-auth:22.1.2] AndroidManifest.xml:30:13-80
108            android:excludeFromRecents="true"
108-->[com.google.firebase:firebase-auth:22.1.2] AndroidManifest.xml:31:13-46
109            android:exported="true"
109-->[com.google.firebase:firebase-auth:22.1.2] AndroidManifest.xml:32:13-36
110            android:launchMode="singleTask"
110-->[com.google.firebase:firebase-auth:22.1.2] AndroidManifest.xml:33:13-44
111            android:theme="@android:style/Theme.Translucent.NoTitleBar" >
111-->[com.google.firebase:firebase-auth:22.1.2] AndroidManifest.xml:34:13-72
112            <intent-filter>
112-->[com.google.firebase:firebase-auth:22.1.2] AndroidManifest.xml:35:13-45:29
113                <action android:name="android.intent.action.VIEW" />
113-->[com.google.firebase:firebase-auth:22.1.2] AndroidManifest.xml:36:17-69
113-->[com.google.firebase:firebase-auth:22.1.2] AndroidManifest.xml:36:25-66
114
115                <category android:name="android.intent.category.DEFAULT" />
115-->[com.google.firebase:firebase-auth:22.1.2] AndroidManifest.xml:38:17-76
115-->[com.google.firebase:firebase-auth:22.1.2] AndroidManifest.xml:38:27-73
116                <category android:name="android.intent.category.BROWSABLE" />
116-->[com.google.firebase:firebase-auth:22.1.2] AndroidManifest.xml:39:17-78
116-->[com.google.firebase:firebase-auth:22.1.2] AndroidManifest.xml:39:27-75
117
118                <data
118-->[com.google.firebase:firebase-auth:22.1.2] AndroidManifest.xml:41:17-44:51
119                    android:host="firebase.auth"
119-->[com.google.firebase:firebase-auth:22.1.2] AndroidManifest.xml:42:21-49
120                    android:path="/"
120-->[com.google.firebase:firebase-auth:22.1.2] AndroidManifest.xml:43:21-37
121                    android:scheme="genericidp" />
121-->[com.google.firebase:firebase-auth:22.1.2] AndroidManifest.xml:44:21-48
122            </intent-filter>
123        </activity>
124        <activity
124-->[com.google.firebase:firebase-auth:22.1.2] AndroidManifest.xml:47:9-64:20
125            android:name="com.google.firebase.auth.internal.RecaptchaActivity"
125-->[com.google.firebase:firebase-auth:22.1.2] AndroidManifest.xml:48:13-79
126            android:excludeFromRecents="true"
126-->[com.google.firebase:firebase-auth:22.1.2] AndroidManifest.xml:49:13-46
127            android:exported="true"
127-->[com.google.firebase:firebase-auth:22.1.2] AndroidManifest.xml:50:13-36
128            android:launchMode="singleTask"
128-->[com.google.firebase:firebase-auth:22.1.2] AndroidManifest.xml:51:13-44
129            android:theme="@android:style/Theme.Translucent.NoTitleBar" >
129-->[com.google.firebase:firebase-auth:22.1.2] AndroidManifest.xml:52:13-72
130            <intent-filter>
130-->[com.google.firebase:firebase-auth:22.1.2] AndroidManifest.xml:53:13-63:29
131                <action android:name="android.intent.action.VIEW" />
131-->[com.google.firebase:firebase-auth:22.1.2] AndroidManifest.xml:36:17-69
131-->[com.google.firebase:firebase-auth:22.1.2] AndroidManifest.xml:36:25-66
132
133                <category android:name="android.intent.category.DEFAULT" />
133-->[com.google.firebase:firebase-auth:22.1.2] AndroidManifest.xml:38:17-76
133-->[com.google.firebase:firebase-auth:22.1.2] AndroidManifest.xml:38:27-73
134                <category android:name="android.intent.category.BROWSABLE" />
134-->[com.google.firebase:firebase-auth:22.1.2] AndroidManifest.xml:39:17-78
134-->[com.google.firebase:firebase-auth:22.1.2] AndroidManifest.xml:39:27-75
135
136                <data
136-->[com.google.firebase:firebase-auth:22.1.2] AndroidManifest.xml:41:17-44:51
137                    android:host="firebase.auth"
137-->[com.google.firebase:firebase-auth:22.1.2] AndroidManifest.xml:42:21-49
138                    android:path="/"
138-->[com.google.firebase:firebase-auth:22.1.2] AndroidManifest.xml:43:21-37
139                    android:scheme="recaptcha" />
139-->[com.google.firebase:firebase-auth:22.1.2] AndroidManifest.xml:44:21-48
140            </intent-filter>
141        </activity>
142
143        <service
143-->[com.google.firebase:firebase-auth:22.1.2] AndroidManifest.xml:66:9-72:19
144            android:name="com.google.firebase.components.ComponentDiscoveryService"
144-->[com.google.firebase:firebase-auth:22.1.2] AndroidManifest.xml:67:13-84
145            android:directBootAware="true"
145-->[com.google.firebase:firebase-common:20.3.3] AndroidManifest.xml:34:13-43
146            android:exported="false" >
146-->[com.google.firebase:firebase-auth:22.1.2] AndroidManifest.xml:68:13-37
147            <meta-data
147-->[com.google.firebase:firebase-auth:22.1.2] AndroidManifest.xml:69:13-71:85
148                android:name="com.google.firebase.components:com.google.firebase.auth.FirebaseAuthRegistrar"
148-->[com.google.firebase:firebase-auth:22.1.2] AndroidManifest.xml:70:17-109
149                android:value="com.google.firebase.components.ComponentRegistrar" />
149-->[com.google.firebase:firebase-auth:22.1.2] AndroidManifest.xml:71:17-82
150            <meta-data
150-->[com.google.firebase:firebase-firestore:24.8.1] AndroidManifest.xml:17:13-19:85
151                android:name="com.google.firebase.components:com.google.firebase.firestore.FirestoreRegistrar"
151-->[com.google.firebase:firebase-firestore:24.8.1] AndroidManifest.xml:18:17-111
152                android:value="com.google.firebase.components.ComponentRegistrar" />
152-->[com.google.firebase:firebase-firestore:24.8.1] AndroidManifest.xml:19:17-82
153            <meta-data
153-->[com.google.firebase:firebase-messaging:23.2.1] AndroidManifest.xml:53:13-55:85
154                android:name="com.google.firebase.components:com.google.firebase.messaging.FirebaseMessagingRegistrar"
154-->[com.google.firebase:firebase-messaging:23.2.1] AndroidManifest.xml:54:17-119
155                android:value="com.google.firebase.components.ComponentRegistrar" />
155-->[com.google.firebase:firebase-messaging:23.2.1] AndroidManifest.xml:55:17-82
156            <meta-data
156-->[com.google.android.gms:play-services-measurement-api:21.3.0] AndroidManifest.xml:31:13-33:85
157                android:name="com.google.firebase.components:com.google.firebase.analytics.connector.internal.AnalyticsConnectorRegistrar"
157-->[com.google.android.gms:play-services-measurement-api:21.3.0] AndroidManifest.xml:32:17-139
158                android:value="com.google.firebase.components.ComponentRegistrar" />
158-->[com.google.android.gms:play-services-measurement-api:21.3.0] AndroidManifest.xml:33:17-82
159            <meta-data
159-->[com.google.firebase:firebase-datatransport:18.1.7] AndroidManifest.xml:27:13-29:85
160                android:name="com.google.firebase.components:com.google.firebase.datatransport.TransportRegistrar"
160-->[com.google.firebase:firebase-datatransport:18.1.7] AndroidManifest.xml:28:17-115
161                android:value="com.google.firebase.components.ComponentRegistrar" />
161-->[com.google.firebase:firebase-datatransport:18.1.7] AndroidManifest.xml:29:17-82
162            <meta-data
162-->[com.google.firebase:firebase-installations:17.1.4] AndroidManifest.xml:15:13-17:85
163                android:name="com.google.firebase.components:com.google.firebase.installations.FirebaseInstallationsRegistrar"
163-->[com.google.firebase:firebase-installations:17.1.4] AndroidManifest.xml:16:17-127
164                android:value="com.google.firebase.components.ComponentRegistrar" />
164-->[com.google.firebase:firebase-installations:17.1.4] AndroidManifest.xml:17:17-82
165        </service>
166
167        <receiver
167-->[com.google.firebase:firebase-messaging:23.2.1] AndroidManifest.xml:29:9-36:20
168            android:name="com.google.firebase.iid.FirebaseInstanceIdReceiver"
168-->[com.google.firebase:firebase-messaging:23.2.1] AndroidManifest.xml:30:13-78
169            android:exported="true"
169-->[com.google.firebase:firebase-messaging:23.2.1] AndroidManifest.xml:31:13-36
170            android:permission="com.google.android.c2dm.permission.SEND" >
170-->[com.google.firebase:firebase-messaging:23.2.1] AndroidManifest.xml:32:13-73
171            <intent-filter>
171-->[com.google.firebase:firebase-messaging:23.2.1] AndroidManifest.xml:33:13-35:29
172                <action android:name="com.google.android.c2dm.intent.RECEIVE" />
172-->[com.google.firebase:firebase-messaging:23.2.1] AndroidManifest.xml:34:17-81
172-->[com.google.firebase:firebase-messaging:23.2.1] AndroidManifest.xml:34:25-78
173            </intent-filter>
174        </receiver>
175        <!--
176             FirebaseMessagingService performs security checks at runtime,
177             but set to not exported to explicitly avoid allowing another app to call it.
178        -->
179        <service
179-->[com.google.firebase:firebase-messaging:23.2.1] AndroidManifest.xml:42:9-49:19
180            android:name="com.google.firebase.messaging.FirebaseMessagingService"
180-->[com.google.firebase:firebase-messaging:23.2.1] AndroidManifest.xml:43:13-82
181            android:directBootAware="true"
181-->[com.google.firebase:firebase-messaging:23.2.1] AndroidManifest.xml:44:13-43
182            android:exported="false" >
182-->[com.google.firebase:firebase-messaging:23.2.1] AndroidManifest.xml:45:13-37
183            <intent-filter android:priority="-500" >
183-->[com.google.firebase:firebase-messaging:23.2.1] AndroidManifest.xml:46:13-48:29
183-->[com.google.firebase:firebase-messaging:23.2.1] AndroidManifest.xml:46:28-51
184                <action android:name="com.google.firebase.MESSAGING_EVENT" />
184-->[com.google.firebase:firebase-messaging:23.2.1] AndroidManifest.xml:47:17-78
184-->[com.google.firebase:firebase-messaging:23.2.1] AndroidManifest.xml:47:25-75
185            </intent-filter>
186        </service> <!-- Needs to be explicitly declared on P+ -->
187        <uses-library
187-->[com.google.android.gms:play-services-maps:18.1.0] AndroidManifest.xml:39:9-41:40
188            android:name="org.apache.http.legacy"
188-->[com.google.android.gms:play-services-maps:18.1.0] AndroidManifest.xml:40:13-50
189            android:required="false" />
189-->[com.google.android.gms:play-services-maps:18.1.0] AndroidManifest.xml:41:13-37
190
191        <activity
191-->[com.google.android.gms:play-services-base:18.1.0] AndroidManifest.xml:20:9-22:45
192            android:name="com.google.android.gms.common.api.GoogleApiActivity"
192-->[com.google.android.gms:play-services-base:18.1.0] AndroidManifest.xml:20:19-85
193            android:exported="false"
193-->[com.google.android.gms:play-services-base:18.1.0] AndroidManifest.xml:22:19-43
194            android:theme="@android:style/Theme.Translucent.NoTitleBar" />
194-->[com.google.android.gms:play-services-base:18.1.0] AndroidManifest.xml:21:19-78
195
196        <provider
196-->[com.google.firebase:firebase-common:20.3.3] AndroidManifest.xml:25:9-30:39
197            android:name="com.google.firebase.provider.FirebaseInitProvider"
197-->[com.google.firebase:firebase-common:20.3.3] AndroidManifest.xml:26:13-77
198            android:authorities="com.nexora.elegance.firebaseinitprovider"
198-->[com.google.firebase:firebase-common:20.3.3] AndroidManifest.xml:27:13-72
199            android:directBootAware="true"
199-->[com.google.firebase:firebase-common:20.3.3] AndroidManifest.xml:28:13-43
200            android:exported="false"
200-->[com.google.firebase:firebase-common:20.3.3] AndroidManifest.xml:29:13-37
201            android:initOrder="100" />
201-->[com.google.firebase:firebase-common:20.3.3] AndroidManifest.xml:30:13-36
202        <provider
202-->[androidx.work:work-runtime:2.8.1] AndroidManifest.xml:29:9-37:20
203            android:name="androidx.startup.InitializationProvider"
203-->[androidx.work:work-runtime:2.8.1] AndroidManifest.xml:30:13-67
204            android:authorities="com.nexora.elegance.androidx-startup"
204-->[androidx.work:work-runtime:2.8.1] AndroidManifest.xml:31:13-68
205            android:exported="false" >
205-->[androidx.work:work-runtime:2.8.1] AndroidManifest.xml:32:13-37
206            <meta-data
206-->[androidx.work:work-runtime:2.8.1] AndroidManifest.xml:34:13-36:52
207                android:name="androidx.work.WorkManagerInitializer"
207-->[androidx.work:work-runtime:2.8.1] AndroidManifest.xml:35:17-68
208                android:value="androidx.startup" />
208-->[androidx.work:work-runtime:2.8.1] AndroidManifest.xml:36:17-49
209            <meta-data
209-->[androidx.emoji2:emoji2:1.2.0] AndroidManifest.xml:29:13-31:52
210                android:name="androidx.emoji2.text.EmojiCompatInitializer"
210-->[androidx.emoji2:emoji2:1.2.0] AndroidManifest.xml:30:17-75
211                android:value="androidx.startup" />
211-->[androidx.emoji2:emoji2:1.2.0] AndroidManifest.xml:31:17-49
212            <meta-data
212-->[androidx.lifecycle:lifecycle-process:2.6.2] AndroidManifest.xml:29:13-31:52
213                android:name="androidx.lifecycle.ProcessLifecycleInitializer"
213-->[androidx.lifecycle:lifecycle-process:2.6.2] AndroidManifest.xml:30:17-78
214                android:value="androidx.startup" />
214-->[androidx.lifecycle:lifecycle-process:2.6.2] AndroidManifest.xml:31:17-49
215            <meta-data
215-->[androidx.profileinstaller:profileinstaller:1.3.0] AndroidManifest.xml:29:13-31:52
216                android:name="androidx.profileinstaller.ProfileInstallerInitializer"
216-->[androidx.profileinstaller:profileinstaller:1.3.0] AndroidManifest.xml:30:17-85
217                android:value="androidx.startup" />
217-->[androidx.profileinstaller:profileinstaller:1.3.0] AndroidManifest.xml:31:17-49
218        </provider>
219
220        <service
220-->[androidx.work:work-runtime:2.8.1] AndroidManifest.xml:39:9-45:35
221            android:name="androidx.work.impl.background.systemalarm.SystemAlarmService"
221-->[androidx.work:work-runtime:2.8.1] AndroidManifest.xml:40:13-88
222            android:directBootAware="false"
222-->[androidx.work:work-runtime:2.8.1] AndroidManifest.xml:41:13-44
223            android:enabled="@bool/enable_system_alarm_service_default"
223-->[androidx.work:work-runtime:2.8.1] AndroidManifest.xml:42:13-72
224            android:exported="false" />
224-->[androidx.work:work-runtime:2.8.1] AndroidManifest.xml:43:13-37
225        <service
225-->[androidx.work:work-runtime:2.8.1] AndroidManifest.xml:46:9-52:35
226            android:name="androidx.work.impl.background.systemjob.SystemJobService"
226-->[androidx.work:work-runtime:2.8.1] AndroidManifest.xml:47:13-84
227            android:directBootAware="false"
227-->[androidx.work:work-runtime:2.8.1] AndroidManifest.xml:48:13-44
228            android:enabled="@bool/enable_system_job_service_default"
228-->[androidx.work:work-runtime:2.8.1] AndroidManifest.xml:49:13-70
229            android:exported="true"
229-->[androidx.work:work-runtime:2.8.1] AndroidManifest.xml:50:13-36
230            android:permission="android.permission.BIND_JOB_SERVICE" />
230-->[androidx.work:work-runtime:2.8.1] AndroidManifest.xml:51:13-69
231        <service
231-->[androidx.work:work-runtime:2.8.1] AndroidManifest.xml:53:9-59:35
232            android:name="androidx.work.impl.foreground.SystemForegroundService"
232-->[androidx.work:work-runtime:2.8.1] AndroidManifest.xml:54:13-81
233            android:directBootAware="false"
233-->[androidx.work:work-runtime:2.8.1] AndroidManifest.xml:55:13-44
234            android:enabled="@bool/enable_system_foreground_service_default"
234-->[androidx.work:work-runtime:2.8.1] AndroidManifest.xml:56:13-77
235            android:exported="false" />
235-->[androidx.work:work-runtime:2.8.1] AndroidManifest.xml:57:13-37
236
237        <receiver
237-->[androidx.work:work-runtime:2.8.1] AndroidManifest.xml:61:9-66:35
238            android:name="androidx.work.impl.utils.ForceStopRunnable$BroadcastReceiver"
238-->[androidx.work:work-runtime:2.8.1] AndroidManifest.xml:62:13-88
239            android:directBootAware="false"
239-->[androidx.work:work-runtime:2.8.1] AndroidManifest.xml:63:13-44
240            android:enabled="true"
240-->[androidx.work:work-runtime:2.8.1] AndroidManifest.xml:64:13-35
241            android:exported="false" />
241-->[androidx.work:work-runtime:2.8.1] AndroidManifest.xml:65:13-37
242        <receiver
242-->[androidx.work:work-runtime:2.8.1] AndroidManifest.xml:67:9-77:20
243            android:name="androidx.work.impl.background.systemalarm.ConstraintProxy$BatteryChargingProxy"
243-->[androidx.work:work-runtime:2.8.1] AndroidManifest.xml:68:13-106
244            android:directBootAware="false"
244-->[androidx.work:work-runtime:2.8.1] AndroidManifest.xml:69:13-44
245            android:enabled="false"
245-->[androidx.work:work-runtime:2.8.1] AndroidManifest.xml:70:13-36
246            android:exported="false" >
246-->[androidx.work:work-runtime:2.8.1] AndroidManifest.xml:71:13-37
247            <intent-filter>
247-->[androidx.work:work-runtime:2.8.1] AndroidManifest.xml:73:13-76:29
248                <action android:name="android.intent.action.ACTION_POWER_CONNECTED" />
248-->[androidx.work:work-runtime:2.8.1] AndroidManifest.xml:74:17-87
248-->[androidx.work:work-runtime:2.8.1] AndroidManifest.xml:74:25-84
249                <action android:name="android.intent.action.ACTION_POWER_DISCONNECTED" />
249-->[androidx.work:work-runtime:2.8.1] AndroidManifest.xml:75:17-90
249-->[androidx.work:work-runtime:2.8.1] AndroidManifest.xml:75:25-87
250            </intent-filter>
251        </receiver>
252        <receiver
252-->[androidx.work:work-runtime:2.8.1] AndroidManifest.xml:78:9-88:20
253            android:name="androidx.work.impl.background.systemalarm.ConstraintProxy$BatteryNotLowProxy"
253-->[androidx.work:work-runtime:2.8.1] AndroidManifest.xml:79:13-104
254            android:directBootAware="false"
254-->[androidx.work:work-runtime:2.8.1] AndroidManifest.xml:80:13-44
255            android:enabled="false"
255-->[androidx.work:work-runtime:2.8.1] AndroidManifest.xml:81:13-36
256            android:exported="false" >
256-->[androidx.work:work-runtime:2.8.1] AndroidManifest.xml:82:13-37
257            <intent-filter>
257-->[androidx.work:work-runtime:2.8.1] AndroidManifest.xml:84:13-87:29
258                <action android:name="android.intent.action.BATTERY_OKAY" />
258-->[androidx.work:work-runtime:2.8.1] AndroidManifest.xml:85:17-77
258-->[androidx.work:work-runtime:2.8.1] AndroidManifest.xml:85:25-74
259                <action android:name="android.intent.action.BATTERY_LOW" />
259-->[androidx.work:work-runtime:2.8.1] AndroidManifest.xml:86:17-76
259-->[androidx.work:work-runtime:2.8.1] AndroidManifest.xml:86:25-73
260            </intent-filter>
261        </receiver>
262        <receiver
262-->[androidx.work:work-runtime:2.8.1] AndroidManifest.xml:89:9-99:20
263            android:name="androidx.work.impl.background.systemalarm.ConstraintProxy$StorageNotLowProxy"
263-->[androidx.work:work-runtime:2.8.1] AndroidManifest.xml:90:13-104
264            android:directBootAware="false"
264-->[androidx.work:work-runtime:2.8.1] AndroidManifest.xml:91:13-44
265            android:enabled="false"
265-->[androidx.work:work-runtime:2.8.1] AndroidManifest.xml:92:13-36
266            android:exported="false" >
266-->[androidx.work:work-runtime:2.8.1] AndroidManifest.xml:93:13-37
267            <intent-filter>
267-->[androidx.work:work-runtime:2.8.1] AndroidManifest.xml:95:13-98:29
268                <action android:name="android.intent.action.DEVICE_STORAGE_LOW" />